# JRE version: Java(TM) SE Runtime Environment (8.0_181-b13) (build 1.8.0_181-b13)
# Java VM: Java HotSpot(TM) 64-Bit Server VM (25.181-b13 mixed mode windows-amd64 compressed oops)
Heap:
 PSYoungGen      total 140288K, used 66836K [0x00000000eab00000, 0x00000000f5700000, 0x0000000100000000)
  eden space 129536K, 43% used [0x00000000eab00000,0x00000000ee203270,0x00000000f2980000)
  from space 10752K, 97% used [0x00000000f4100000,0x00000000f4b42040,0x00000000f4b80000)
  to   space 11776K, 0% used [0x00000000f4b80000,0x00000000f4b80000,0x00000000f5700000)
 ParOldGen       total 146944K, used 38590K [0x00000000c0000000, 0x00000000c8f80000, 0x00000000eab00000)
  object space 146944K, 26% used [0x00000000c0000000,0x00000000c25af818,0x00000000c8f80000)
 Metaspace       used 65741K, capacity 68261K, committed 68504K, reserved 1107968K
  class space    used 8709K, capacity 9317K, committed 9392K, reserved 1048576K
GC Heap History (10 events):
Event: 9.378 GC heap before
{Heap before GC invocations=14 (full 2):
 PSYoungGen      total 128512K, used 114719K [0x00000000eab00000, 0x00000000f4e80000, 0x0000000100000000)
  eden space 115200K, 90% used [0x00000000eab00000,0x00000000f10c32a0,0x00000000f1b80000)
  from space 13312K, 78% used [0x00000000f1b80000,0x00000000f25c4a80,0x00000000f2880000)
  to   space 13824K, 0% used [0x00000000f4100000,0x00000000f4100000,0x00000000f4e80000)
 ParOldGen       total 93184K, used 26467K [0x00000000c0000000, 0x00000000c5b00000, 0x00000000eab00000)
  object space 93184K, 28% used [0x00000000c0000000,0x00000000c19d8c68,0x00000000c5b00000)
 Metaspace       used 57386K, capacity 58997K, committed 59160K, reserved 1099776K
  class space    used 8024K, capacity 8496K, committed 8496K, reserved 1048576K
Event: 9.392 GC heap after
Heap after GC invocations=14 (full 2):
 PSYoungGen      total 150528K, used 13794K [0x00000000eab00000, 0x00000000f5a00000, 0x0000000100000000)
  eden space 136704K, 0% used [0x00000000eab00000,0x00000000eab00000,0x00000000f3080000)
  from space 13824K, 99% used [0x00000000f4100000,0x00000000f4e78a40,0x00000000f4e80000)
  to   space 16896K, 0% used [0x00000000f3080000,0x00000000f3080000,0x00000000f4100000)
 ParOldGen       total 93184K, used 29711K [0x00000000c0000000, 0x00000000c5b00000, 0x00000000eab00000)
  object space 93184K, 31% used [0x00000000c0000000,0x00000000c1d03d20,0x00000000c5b00000)
 Metaspace       used 57386K, capacity 58997K, committed 59160K, reserved 1099776K
  class space    used 8024K, capacity 8496K, committed 8496K, reserved 1048576K
}
Event: 9.392 GC heap before
{Heap before GC invocations=15 (full 3):
 PSYoungGen      total 150528K, used 13794K [0x00000000eab00000, 0x00000000f5a00000, 0x0000000100000000)
  eden space 136704K, 0% used [0x00000000eab00000,0x00000000eab00000,0x00000000f3080000)
  from space 13824K, 99% used [0x00000000f4100000,0x00000000f4e78a40,0x00000000f4e80000)
  to   space 16896K, 0% used [0x00000000f3080000,0x00000000f3080000,0x00000000f4100000)
 ParOldGen       total 93184K, used 29711K [0x00000000c0000000, 0x00000000c5b00000, 0x00000000eab00000)
  object space 93184K, 31% used [0x00000000c0000000,0x00000000c1d03d20,0x00000000c5b00000)
 Metaspace       used 57386K, capacity 58997K, committed 59160K, reserved 1099776K
  class space    used 8024K, capacity 8496K, committed 8496K, reserved 1048576K
Event: 9.574 GC heap after
Heap after GC invocations=15 (full 3):
 PSYoungGen      total 150528K, used 0K [0x00000000eab00000, 0x00000000f5a00000, 0x0000000100000000)
  eden space 136704K, 0% used [0x00000000eab00000,0x00000000eab00000,0x00000000f3080000)
  from space 13824K, 0% used [0x00000000f4100000,0x00000000f4100000,0x00000000f4e80000)
  to   space 16896K, 0% used [0x00000000f3080000,0x00000000f3080000,0x00000000f4100000)
 ParOldGen       total 146944K, used 38566K [0x00000000c0000000, 0x00000000c8f80000, 0x00000000eab00000)
  object space 146944K, 26% used [0x00000000c0000000,0x00000000c25a9818,0x00000000c8f80000)
 Metaspace       used 57386K, capacity 58997K, committed 59160K, reserved 1099776K
  class space    used 8024K, capacity 8496K, committed 8496K, reserved 1048576K
}
Event: 469.317 GC heap before
{Heap before GC invocations=16 (full 3):
 PSYoungGen      total 150528K, used 136704K [0x00000000eab00000, 0x00000000f5a00000, 0x0000000100000000)
  eden space 136704K, 100% used [0x00000000eab00000,0x00000000f3080000,0x00000000f3080000)
  from space 13824K, 0% used [0x00000000f4100000,0x00000000f4100000,0x00000000f4e80000)
  to   space 16896K, 0% used [0x00000000f3080000,0x00000000f3080000,0x00000000f4100000)
 ParOldGen       total 146944K, used 38566K [0x00000000c0000000, 0x00000000c8f80000, 0x00000000eab00000)
  object space 146944K, 26% used [0x00000000c0000000,0x00000000c25a9818,0x00000000c8f80000)
 Metaspace       used 63354K, capacity 65247K, committed 65432K, reserved 1105920K
  class space    used 8592K, capacity 9122K, committed 9136K, reserved 1048576K
Event: 469.329 GC heap after
Heap after GC invocations=16 (full 3):
 PSYoungGen      total 153600K, used 10449K [0x00000000eab00000, 0x00000000f6680000, 0x0000000100000000)
  eden space 136704K, 0% used [0x00000000eab00000,0x00000000eab00000,0x00000000f3080000)
  from space 16896K, 61% used [0x00000000f3080000,0x00000000f3ab4438,0x00000000f4100000)
  to   space 16384K, 0% used [0x00000000f5680000,0x00000000f5680000,0x00000000f6680000)
 ParOldGen       total 146944K, used 38574K [0x00000000c0000000, 0x00000000c8f80000, 0x00000000eab00000)
  object space 146944K, 26% used [0x00000000c0000000,0x00000000c25ab818,0x00000000c8f80000)
 Metaspace       used 63354K, capacity 65247K, committed 65432K, reserved 1105920K
  class space    used 8592K, capacity 9122K, committed 9136K, reserved 1048576K
}
Event: 692.709 GC heap before
{Heap before GC invocations=17 (full 3):
 PSYoungGen      total 153600K, used 147153K [0x00000000eab00000, 0x00000000f6680000, 0x0000000100000000)
  eden space 136704K, 100% used [0x00000000eab00000,0x00000000f3080000,0x00000000f3080000)
  from space 16896K, 61% used [0x00000000f3080000,0x00000000f3ab4438,0x00000000f4100000)
  to   space 16384K, 0% used [0x00000000f5680000,0x00000000f5680000,0x00000000f6680000)
 ParOldGen       total 146944K, used 38574K [0x00000000c0000000, 0x00000000c8f80000, 0x00000000eab00000)
  object space 146944K, 26% used [0x00000000c0000000,0x00000000c25ab818,0x00000000c8f80000)
 Metaspace       used 64683K, capacity 66715K, committed 66840K, reserved 1107968K
  class space    used 8628K, capacity 9178K, committed 9264K, reserved 1048576K
Event: 692.741 GC heap after
Heap after GC invocations=17 (full 3):
 PSYoungGen      total 144896K, used 11512K [0x00000000eab00000, 0x00000000f6200000, 0x0000000100000000)
  eden space 133120K, 0% used [0x00000000eab00000,0x00000000eab00000,0x00000000f2d00000)
  from space 11776K, 97% used [0x00000000f5680000,0x00000000f61be070,0x00000000f6200000)
  to   space 16896K, 0% used [0x00000000f4100000,0x00000000f4100000,0x00000000f5180000)
 ParOldGen       total 146944K, used 38582K [0x00000000c0000000, 0x00000000c8f80000, 0x00000000eab00000)
  object space 146944K, 26% used [0x00000000c0000000,0x00000000c25ad818,0x00000000c8f80000)
 Metaspace       used 64683K, capacity 66715K, committed 66840K, reserved 1107968K
  class space    used 8628K, capacity 9178K, committed 9264K, reserved 1048576K
}
Event: 2274.942 GC heap before
{Heap before GC invocations=18 (full 3):
 PSYoungGen      total 144896K, used 144632K [0x00000000eab00000, 0x00000000f6200000, 0x0000000100000000)
  eden space 133120K, 100% used [0x00000000eab00000,0x00000000f2d00000,0x00000000f2d00000)
  from space 11776K, 97% used [0x00000000f5680000,0x00000000f61be070,0x00000000f6200000)
  to   space 16896K, 0% used [0x00000000f4100000,0x00000000f4100000,0x00000000f5180000)
 ParOldGen       total 146944K, used 38582K [0x00000000c0000000, 0x00000000c8f80000, 0x00000000eab00000)
  object space 146944K, 26% used [0x00000000c0000000,0x00000000c25ad818,0x00000000c8f80000)
 Metaspace       used 65458K, capacity 67817K, committed 67992K, reserved 1107968K
  class space    used 8685K, capacity 9275K, committed 9392K, reserved 1048576K
Event: 2274.956 GC heap after
Heap after GC invocations=18 (full 3):
 PSYoungGen      total 140288K, used 10504K [0x00000000eab00000, 0x00000000f5700000, 0x0000000100000000)
  eden space 129536K, 0% used [0x00000000eab00000,0x00000000eab00000,0x00000000f2980000)
  from space 10752K, 97% used [0x00000000f4100000,0x00000000f4b42040,0x00000000f4b80000)
  to   space 11776K, 0% used [0x00000000f4b80000,0x00000000f4b80000,0x00000000f5700000)
 ParOldGen       total 146944K, used 38590K [0x00000000c0000000, 0x00000000c8f80000, 0x00000000eab00000)
  object space 146944K, 26% used [0x00000000c0000000,0x00000000c25af818,0x00000000c8f80000)
 Metaspace       used 65458K, capacity 67817K, committed 67992K, reserved 1107968K
  class space    used 8685K, capacity 9275K, committed 9392K, reserved 1048576K
}

