# JRE version: Java(TM) SE Runtime Environment (8.0_181-b13) (build 1.8.0_181-b13)
# Java VM: Java HotSpot(TM) 64-Bit Server VM (25.181-b13 mixed mode windows-amd64 compressed oops)
Heap:
 PSYoungGen      total 236032K, used 194255K [0x00000000eab00000, 0x00000000fff00000, 0x0000000100000000)
  eden space 235520K, 82% used [0x00000000eab00000,0x00000000f6893c10,0x00000000f9100000)
  from space 512K, 25% used [0x00000000f9100000,0x00000000f9120000,0x00000000f9180000)
  to   space 56320K, 0% used [0x00000000fc800000,0x00000000fc800000,0x00000000fff00000)
 ParOldGen       total 277504K, used 134878K [0x00000000c0000000, 0x00000000d0f00000, 0x00000000eab00000)
  object space 277504K, 48% used [0x00000000c0000000,0x00000000c83b78c0,0x00000000d0f00000)
 Metaspace       used 93683K, capacity 96924K, committed 97320K, reserved 1134592K
  class space    used 12034K, capacity 12728K, committed 12848K, reserved 1048576K
GC Heap History (10 events):
Event: 53.782 GC heap before
{Heap before GC invocations=25 (full 3):
 PSYoungGen      total 222208K, used 203622K [0x00000000eab00000, 0x00000000fb580000, 0x0000000100000000)
  eden space 190976K, 98% used [0x00000000eab00000,0x00000000f62a5530,0x00000000f6580000)
  from space 31232K, 49% used [0x00000000f6580000,0x00000000f74b4610,0x00000000f8400000)
  to   space 30720K, 0% used [0x00000000f9780000,0x00000000f9780000,0x00000000fb580000)
 ParOldGen       total 127488K, used 76505K [0x00000000c0000000, 0x00000000c7c80000, 0x00000000eab00000)
  object space 127488K, 60% used [0x00000000c0000000,0x00000000c4ab6520,0x00000000c7c80000)
 Metaspace       used 89869K, capacity 93388K, committed 93480K, reserved 1130496K
  class space    used 11839K, capacity 12569K, committed 12592K, reserved 1048576K
Event: 53.791 GC heap after
Heap after GC invocations=25 (full 3):
 PSYoungGen      total 241664K, used 18806K [0x00000000eab00000, 0x00000000fb800000, 0x0000000100000000)
  eden space 210944K, 0% used [0x00000000eab00000,0x00000000eab00000,0x00000000f7900000)
  from space 30720K, 61% used [0x00000000f9780000,0x00000000fa9ddb80,0x00000000fb580000)
  to   space 31232K, 0% used [0x00000000f7900000,0x00000000f7900000,0x00000000f9780000)
 ParOldGen       total 127488K, used 76513K [0x00000000c0000000, 0x00000000c7c80000, 0x00000000eab00000)
  object space 127488K, 60% used [0x00000000c0000000,0x00000000c4ab8520,0x00000000c7c80000)
 Metaspace       used 89869K, capacity 93388K, committed 93480K, reserved 1130496K
  class space    used 11839K, capacity 12569K, committed 12592K, reserved 1048576K
}
Event: 54.141 GC heap before
{Heap before GC invocations=26 (full 3):
 PSYoungGen      total 241664K, used 229748K [0x00000000eab00000, 0x00000000fb800000, 0x0000000100000000)
  eden space 210944K, 99% used [0x00000000eab00000,0x00000000f78ff5f8,0x00000000f7900000)
  from space 30720K, 61% used [0x00000000f9780000,0x00000000fa9ddb80,0x00000000fb580000)
  to   space 31232K, 0% used [0x00000000f7900000,0x00000000f7900000,0x00000000f9780000)
 ParOldGen       total 127488K, used 76513K [0x00000000c0000000, 0x00000000c7c80000, 0x00000000eab00000)
  object space 127488K, 60% used [0x00000000c0000000,0x00000000c4ab8520,0x00000000c7c80000)
 Metaspace       used 90000K, capacity 93500K, committed 93864K, reserved 1130496K
  class space    used 11853K, capacity 12605K, committed 12720K, reserved 1048576K
Event: 54.168 GC heap after
Heap after GC invocations=26 (full 3):
 PSYoungGen      total 242176K, used 31202K [0x00000000eab00000, 0x0000000100000000, 0x0000000100000000)
  eden space 210944K, 0% used [0x00000000eab00000,0x00000000eab00000,0x00000000f7900000)
  from space 31232K, 99% used [0x00000000f7900000,0x00000000f9778af8,0x00000000f9780000)
  to   space 56832K, 0% used [0x00000000fc880000,0x00000000fc880000,0x0000000100000000)
 ParOldGen       total 136192K, used 133079K [0x00000000c0000000, 0x00000000c8500000, 0x00000000eab00000)
  object space 136192K, 97% used [0x00000000c0000000,0x00000000c81f5c38,0x00000000c8500000)
 Metaspace       used 90000K, capacity 93500K, committed 93864K, reserved 1130496K
  class space    used 11853K, capacity 12605K, committed 12720K, reserved 1048576K
}
Event: 54.168 GC heap before
{Heap before GC invocations=27 (full 4):
 PSYoungGen      total 242176K, used 31202K [0x00000000eab00000, 0x0000000100000000, 0x0000000100000000)
  eden space 210944K, 0% used [0x00000000eab00000,0x00000000eab00000,0x00000000f7900000)
  from space 31232K, 99% used [0x00000000f7900000,0x00000000f9778af8,0x00000000f9780000)
  to   space 56832K, 0% used [0x00000000fc880000,0x00000000fc880000,0x0000000100000000)
 ParOldGen       total 136192K, used 133079K [0x00000000c0000000, 0x00000000c8500000, 0x00000000eab00000)
  object space 136192K, 97% used [0x00000000c0000000,0x00000000c81f5c38,0x00000000c8500000)
 Metaspace       used 90000K, capacity 93500K, committed 93864K, reserved 1130496K
  class space    used 11853K, capacity 12605K, committed 12720K, reserved 1048576K
Event: 54.308 GC heap after
Heap after GC invocations=27 (full 4):
 PSYoungGen      total 242176K, used 0K [0x00000000eab00000, 0x0000000100000000, 0x0000000100000000)
  eden space 210944K, 0% used [0x00000000eab00000,0x00000000eab00000,0x00000000f7900000)
  from space 31232K, 0% used [0x00000000f7900000,0x00000000f7900000,0x00000000f9780000)
  to   space 56832K, 0% used [0x00000000fc880000,0x00000000fc880000,0x0000000100000000)
 ParOldGen       total 277504K, used 134878K [0x00000000c0000000, 0x00000000d0f00000, 0x00000000eab00000)
  object space 277504K, 48% used [0x00000000c0000000,0x00000000c83b78c0,0x00000000d0f00000)
 Metaspace       used 89759K, capacity 92842K, committed 93864K, reserved 1130496K
  class space    used 11766K, capacity 12435K, committed 12720K, reserved 1048576K
}
Event: 54.326 GC heap before
{Heap before GC invocations=28 (full 4):
 PSYoungGen      total 242176K, used 210574K [0x00000000eab00000, 0x0000000100000000, 0x0000000100000000)
  eden space 210944K, 99% used [0x00000000eab00000,0x00000000f78a39e0,0x00000000f7900000)
  from space 31232K, 0% used [0x00000000f7900000,0x00000000f7900000,0x00000000f9780000)
  to   space 56832K, 0% used [0x00000000fc880000,0x00000000fc880000,0x0000000100000000)
 ParOldGen       total 277504K, used 134878K [0x00000000c0000000, 0x00000000d0f00000, 0x00000000eab00000)
  object space 277504K, 48% used [0x00000000c0000000,0x00000000c83b78c0,0x00000000d0f00000)
 Metaspace       used 89760K, capacity 92842K, committed 93864K, reserved 1130496K
  class space    used 11766K, capacity 12435K, committed 12720K, reserved 1048576K
Event: 54.328 GC heap after
Heap after GC invocations=28 (full 4):
 PSYoungGen      total 292352K, used 96K [0x00000000eab00000, 0x0000000100000000, 0x0000000100000000)
  eden space 235520K, 0% used [0x00000000eab00000,0x00000000eab00000,0x00000000f9100000)
  from space 56832K, 0% used [0x00000000fc880000,0x00000000fc898000,0x0000000100000000)
  to   space 56832K, 0% used [0x00000000f9100000,0x00000000f9100000,0x00000000fc880000)
 ParOldGen       total 277504K, used 134878K [0x00000000c0000000, 0x00000000d0f00000, 0x00000000eab00000)
  object space 277504K, 48% used [0x00000000c0000000,0x00000000c83b78c0,0x00000000d0f00000)
 Metaspace       used 89760K, capacity 92842K, committed 93864K, reserved 1130496K
  class space    used 11766K, capacity 12435K, committed 12720K, reserved 1048576K
}
Event: 54.368 GC heap before
{Heap before GC invocations=29 (full 4):
 PSYoungGen      total 292352K, used 234988K [0x00000000eab00000, 0x0000000100000000, 0x0000000100000000)
  eden space 235520K, 99% used [0x00000000eab00000,0x00000000f90631a0,0x00000000f9100000)
  from space 56832K, 0% used [0x00000000fc880000,0x00000000fc898000,0x0000000100000000)
  to   space 56832K, 0% used [0x00000000f9100000,0x00000000f9100000,0x00000000fc880000)
 ParOldGen       total 277504K, used 134878K [0x00000000c0000000, 0x00000000d0f00000, 0x00000000eab00000)
  object space 277504K, 48% used [0x00000000c0000000,0x00000000c83b78c0,0x00000000d0f00000)
 Metaspace       used 89760K, capacity 92842K, committed 93864K, reserved 1130496K
  class space    used 11766K, capacity 12435K, committed 12720K, reserved 1048576K
Event: 54.370 GC heap after
Heap after GC invocations=29 (full 4):
 PSYoungGen      total 236032K, used 128K [0x00000000eab00000, 0x00000000fff00000, 0x0000000100000000)
  eden space 235520K, 0% used [0x00000000eab00000,0x00000000eab00000,0x00000000f9100000)
  from space 512K, 25% used [0x00000000f9100000,0x00000000f9120000,0x00000000f9180000)
  to   space 56320K, 0% used [0x00000000fc800000,0x00000000fc800000,0x00000000fff00000)
 ParOldGen       total 277504K, used 134878K [0x00000000c0000000, 0x00000000d0f00000, 0x00000000eab00000)
  object space 277504K, 48% used [0x00000000c0000000,0x00000000c83b78c0,0x00000000d0f00000)
 Metaspace       used 89760K, capacity 92842K, committed 93864K, reserved 1130496K
  class space    used 11766K, capacity 12435K, committed 12720K, reserved 1048576K
}

